PLINK v1.90b6.12 64-bit (28 Oct 2019)
Options in effect:
  --allow-extra-chr
  --file out/filtered-plink-genotype-kinship-plink
  --out out-PCs
  --pca 5

Hostname: agro
Working directory: /home/lg/agrosavia/GWAS/MultiGWAS/examples/aguacate/out-Color_Rama_Joven
Start time: Fri Aug 21 17:12:09 2020

Random number seed: 1598047929
14943 MB RAM detected; reserving 7471 MB for main workspace.
Scanning .ped file... done.
Performing single-pass .bed write (1570 variants, 91 people).
--file: out-PCs-temporary.bed + out-PCs-temporary.bim + out-PCs-temporary.fam
written.
1570 variants loaded from .bim file.
91 people (0 males, 0 females, 91 ambiguous) loaded from .fam.
Ambiguous sex IDs written to out-PCs.nosex .
Using up to 8 threads (change this with --threads).
Before main variant filters, 91 founders and 0 nonfounders present.
Calculating allele frequencies... done.
Total genotyping rate is 0.981942.
1570 variants and 91 people pass filters and QC.
Note: No phenotypes present.
Relationship matrix calculation complete.
--pca: Results saved to out-PCs.eigenval and out-PCs.eigenvec .

End time: Fri Aug 21 17:12:09 2020
