/home/lg/agrosavia/GWAS/MultiGWAS/tools/lib/slf4j-simple-1.7.10.jar:/home/lg/agrosavia/GWAS/MultiGWAS/tools/lib/jhdf5-14.12.5.jar:/home/lg/agrosavia/GWAS/MultiGWAS/tools/lib/colt-1.2.0.jar:/home/lg/agrosavia/GWAS/MultiGWAS/tools/lib/fastutil-8.2.2.jar:/home/lg/agrosavia/GWAS/MultiGWAS/tools/lib/jfreesvg-3.2.jar:/home/lg/agrosavia/GWAS/MultiGWAS/tools/lib/biojava-alignment-4.0.0.jar:/home/lg/agrosavia/GWAS/MultiGWAS/tools/lib/snappy-java-1.1.1.6.jar:/home/lg/agrosavia/GWAS/MultiGWAS/tools/lib/guava-22.0.jar:/home/lg/agrosavia/GWAS/MultiGWAS/tools/lib/biojava-phylo-4.0.0.jar:/home/lg/agrosavia/GWAS/MultiGWAS/tools/lib/jcommon-1.0.23.jar:/home/lg/agrosavia/GWAS/MultiGWAS/tools/lib/itextpdf-5.1.0.jar:/home/lg/agrosavia/GWAS/MultiGWAS/tools/lib/commons-math3-3.4.1.jar:/home/lg/agrosavia/GWAS/MultiGWAS/tools/lib/gs-core-1.3.jar:/home/lg/agrosavia/GWAS/MultiGWAS/tools/lib/phg.jar:/home/lg/agrosavia/GWAS/MultiGWAS/tools/lib/kotlinx-coroutines-core-1.3.0.jar:/home/lg/agrosavia/GWAS/MultiGWAS/tools/lib/sqlite-jdbc-3.8.5-pre1.jar:/home/lg/agrosavia/GWAS/MultiGWAS/tools/lib/ahocorasick-0.2.4.jar:/home/lg/agrosavia/GWAS/MultiGWAS/tools/lib/forester-1.038.jar:/home/lg/agrosavia/GWAS/MultiGWAS/tools/lib/javax.json-1.0.4.jar:/home/lg/agrosavia/GWAS/MultiGWAS/tools/lib/log4j-1.2.13.jar:/home/lg/agrosavia/GWAS/MultiGWAS/tools/lib/postgresql-9.4-1201.jdbc41.jar:/home/lg/agrosavia/GWAS/MultiGWAS/tools/lib/json-simple-1.1.1.jar:/home/lg/agrosavia/GWAS/MultiGWAS/tools/lib/scala-library-2.10.1.jar:/home/lg/agrosavia/GWAS/MultiGWAS/tools/lib/kotlin-stdlib-1.3.50.jar:/home/lg/agrosavia/GWAS/MultiGWAS/tools/lib/slf4j-api-1.7.10.jar:/home/lg/agrosavia/GWAS/MultiGWAS/tools/lib/htsjdk-2.19.0.jar:/home/lg/agrosavia/GWAS/MultiGWAS/tools/lib/jfreechart-1.0.19.jar:/home/lg/agrosavia/GWAS/MultiGWAS/tools/lib/sTASSEL.jar:/home/lg/agrosavia/GWAS/MultiGWAS/tools/lib/junit-4.10.jar:/home/lg/agrosavia/GWAS/MultiGWAS/tools/lib/biojava-core-4.0.0.jar:/home/lg/agrosavia/GWAS/MultiGWAS/tools/lib/ejml-0.23.jar:/home/lg/agrosavia/GWAS/MultiGWAS/tools/lib/trove-3.0.3.jar:/home/lg/agrosavia/GWAS/MultiGWAS/tools/lib/mail-1.4.jar:/home/lg/agrosavia/GWAS/MultiGWAS/tools/lib/commons-codec-1.10.jar:/home/lg/agrosavia/GWAS/MultiGWAS/tools/lib/gs-ui-1.3.jar:/home/lg/agrosavia/GWAS/MultiGWAS/tools/sTASSEL.jar
Memory Settings: -Xms512m -Xmx1536m
Tassel Pipeline Arguments: -fork1 -vcf out/filtered-tassel-genotype.vcf -fork2 -r out/filtered-tassel-phenotype.tbl -fork3 -vcf out/filtered-tassel-genotype.vcf -PrincipalComponentsPlugin -covariance -reportEigenvalues false -reportEigenvectors false -endPlugin -combine4 -input1 -input2 -input3 -intersect -fork5 -vcf out/filtered-tassel-genotype.vcf -KinshipPlugin -method Centered_IBS -endPlugin -combine6 -input4 -input5 -mlm -mlmVarCompEst P3D -mlmOutputFile out/tool-TASSEL-scores-Full
[main] INFO net.maizegenetics.tassel.TasselLogging - Tassel Version: 5.2.57  Date: October 10, 2019
[main] INFO net.maizegenetics.tassel.TasselLogging - Max Available Memory Reported by JVM: 1536 MB
[main] INFO net.maizegenetics.tassel.TasselLogging - Java Version: 14.0.1
[main] INFO net.maizegenetics.tassel.TasselLogging - OS: Linux
[main] INFO net.maizegenetics.tassel.TasselLogging - Number of Processors: 8
[main] INFO net.maizegenetics.pipeline.TasselPipeline - Tassel Pipeline Arguments: [-fork1, -vcf, out/filtered-tassel-genotype.vcf, -fork2, -r, out/filtered-tassel-phenotype.tbl, -fork3, -vcf, out/filtered-tassel-genotype.vcf, -PrincipalComponentsPlugin, -covariance, -reportEigenvalues, false, -reportEigenvectors, false, -endPlugin, -combine4, -input1, -input2, -input3, -intersect, -fork5, -vcf, out/filtered-tassel-genotype.vcf, -KinshipPlugin, -method, Centered_IBS, -endPlugin, -combine6, -input4, -input5, -mlm, -mlmVarCompEst, P3D, -mlmOutputFile, out/tool-TASSEL-scores-Full]
[pool-1-thread-2] INFO net.maizegenetics.plugindef.AbstractPlugin - Starting net.maizegenetics.analysis.data.FileLoadPlugin: time: Aug 21, 2020 14:55:44
[pool-1-thread-4] INFO net.maizegenetics.plugindef.AbstractPlugin - Starting net.maizegenetics.analysis.data.FileLoadPlugin: time: Aug 21, 2020 14:55:44
[pool-1-thread-1] INFO net.maizegenetics.plugindef.AbstractPlugin - Starting net.maizegenetics.analysis.data.FileLoadPlugin: time: Aug 21, 2020 14:55:44
[pool-1-thread-2] INFO net.maizegenetics.plugindef.AbstractPlugin - 
FileLoadPlugin Parameters
format: Phenotype
sortPositions: false
keepDepth: true

[pool-1-thread-1] INFO net.maizegenetics.plugindef.AbstractPlugin - 
FileLoadPlugin Parameters
format: VCF
sortPositions: false
keepDepth: true

[pool-1-thread-2] INFO net.maizegenetics.analysis.data.FileLoadPlugin - Start Loading File: out/filtered-tassel-phenotype.tbl time: Aug 21, 2020 14:55:44
[pool-1-thread-4] INFO net.maizegenetics.plugindef.AbstractPlugin - 
FileLoadPlugin Parameters
format: VCF
sortPositions: false
keepDepth: true

[pool-1-thread-4] INFO net.maizegenetics.analysis.data.FileLoadPlugin - Start Loading File: out/filtered-tassel-genotype.vcf time: Aug 21, 2020 14:55:44
[pool-1-thread-1] INFO net.maizegenetics.analysis.data.FileLoadPlugin - Start Loading File: out/filtered-tassel-genotype.vcf time: Aug 21, 2020 14:55:44
[pool-1-thread-3] INFO net.maizegenetics.plugindef.AbstractPlugin - Starting net.maizegenetics.analysis.data.FileLoadPlugin: time: Aug 21, 2020 14:55:44
[pool-1-thread-3] INFO net.maizegenetics.plugindef.AbstractPlugin - 
FileLoadPlugin Parameters
format: VCF
sortPositions: false
keepDepth: true

[pool-1-thread-3] INFO net.maizegenetics.analysis.data.FileLoadPlugin - Start Loading File: out/filtered-tassel-genotype.vcf time: Aug 21, 2020 14:55:44
[pool-1-thread-2] INFO net.maizegenetics.analysis.data.FileLoadPlugin - Finished Loading File: out/filtered-tassel-phenotype.tbl time: Aug 21, 2020 14:55:44
[pool-1-thread-2] INFO net.maizegenetics.plugindef.AbstractPlugin - Finished net.maizegenetics.analysis.data.FileLoadPlugin: time: Aug 21, 2020 14:55:44
[pool-1-thread-2] INFO net.maizegenetics.pipeline.TasselPipeline - net.maizegenetics.analysis.data.FileLoadPlugin: time: Aug 21, 2020 14:55:44: progress: 100%
[Thread-5] INFO net.maizegenetics.plugindef.AbstractPlugin - net.maizegenetics.analysis.data.CombineDataSetsPlugin  Citation: Bradbury PJ, Zhang Z, Kroon DE, Casstevens TM, Ramdoss Y, Buckler ES. (2007) TASSEL: Software for association mapping of complex traits in diverse samples. Bioinformatics 23:2633-2635.
[pool-1-thread-2] INFO net.maizegenetics.plugindef.AbstractPlugin - net.maizegenetics.analysis.data.FileLoadPlugin  Citation: Bradbury PJ, Zhang Z, Kroon DE, Casstevens TM, Ramdoss Y, Buckler ES. (2007) TASSEL: Software for association mapping of complex traits in diverse samples. Bioinformatics 23:2633-2635.
[pool-1-thread-3] INFO net.maizegenetics.pipeline.TasselPipeline - net.maizegenetics.analysis.data.FileLoadPlugin: time: Aug 21, 2020 14:55:44: progress: 100%
[pool-1-thread-4] INFO net.maizegenetics.pipeline.TasselPipeline - net.maizegenetics.analysis.data.FileLoadPlugin: time: Aug 21, 2020 14:55:44: progress: 100%
[pool-1-thread-1] INFO net.maizegenetics.pipeline.TasselPipeline - net.maizegenetics.analysis.data.FileLoadPlugin: time: Aug 21, 2020 14:55:44: progress: 100%
BuilderFromVCF data timing 0.519254s 
BuilderFromVCF data timing 0.520234s 
BuilderFromVCF data timing 0.520232s 
[pool-1-thread-3] INFO net.maizegenetics.analysis.data.FileLoadPlugin - Finished Loading File: out/filtered-tassel-genotype.vcf time: Aug 21, 2020 14:55:44
[pool-1-thread-1] INFO net.maizegenetics.analysis.data.FileLoadPlugin - Finished Loading File: out/filtered-tassel-genotype.vcf time: Aug 21, 2020 14:55:44
Genotype Table Name: filtered-tassel-genotype
Genotype Table Name: filtered-tassel-genotype
Number of Taxa: 100
[pool-1-thread-4] INFO net.maizegenetics.analysis.data.FileLoadPlugin - Finished Loading File: out/filtered-tassel-genotype.vcf time: Aug 21, 2020 14:55:44
Number of Taxa: 100
Number of Sites: 1570
Number of Sites: 1570
Sites x Taxa: 157000
Genotype Table Name: filtered-tassel-genotype
Chromosomes...
Sites x Taxa: 157000
Chromosomes...
Number of Taxa: 100
Number of Sites: 1570
Sites x Taxa: 157000
Chromosomes...
LCL|CTG0015: start site: 0 (458265) last site: 0 (458265) total: 1
LCL|CTG0028: start site: 1 (5342) last site: 6 (1159241) total: 6
LCL|CTG0032: start site: 7 (895439) last site: 7 (895439) total: 1
LCL|CTG0038: start site: 8 (533243) last site: 12 (1350313) total: 5
LCL|CTG0048: start site: 13 (627571) last site: 24 (627817) total: 12
LCL|CTG0081: start site: 25 (429060) last site: 25 (429060) total: 1
LCL|CTG0095: start site: 26 (619919) last site: 27 (619946) total: 2
LCL|CTG0098: start site: 28 (921723) last site: 30 (921770) total: 3
LCL|CTG0100: start site: 31 (427456) last site: 32 (427458) total: 2
LCL|CTG0108: start site: 33 (600725) last site: 33 (600725) total: 1
LCL|CTG0116: start site: 34 (461162) last site: 36 (461216) total: 3
LCL|CTG0015: start site: 0 (458265) last site: 0 (458265) total: 1
LCL|CTG0118: start site: 37 (850939) last site: 47 (851521) total: 11
LCL|CTG0015: start site: 0 (458265) last site: 0 (458265) total: 1
LCL|CTG0028: start site: 1 (5342) last site: 6 (1159241) total: 6
LCL|CTG0028: start site: 1 (5342) last site: 6 (1159241) total: 6
LCL|CTG0140: start site: 48 (5514) last site: 51 (5565) total: 4
LCL|CTG0032: start site: 7 (895439) last site: 7 (895439) total: 1
LCL|CTG0032: start site: 7 (895439) last site: 7 (895439) total: 1
LCL|CTG0038: start site: 8 (533243) last site: 12 (1350313) total: 5
LCL|CTG0143: start site: 52 (794762) last site: 55 (794839) total: 4
LCL|CTG0048: start site: 13 (627571) last site: 24 (627817) total: 12
LCL|CTG0038: start site: 8 (533243) last site: 12 (1350313) total: 5
LCL|CTG0081: start site: 25 (429060) last site: 25 (429060) total: 1
LCL|CTG0187: start site: 56 (164275) last site: 56 (164275) total: 1
LCL|CTG0095: start site: 26 (619919) last site: 27 (619946) total: 2
LCL|CTG0048: start site: 13 (627571) last site: 24 (627817) total: 12
LCL|CTG0098: start site: 28 (921723) last site: 30 (921770) total: 3
LCL|CTG0202: start site: 57 (540148) last site: 75 (548122) total: 19
LCL|CTG0100: start site: 31 (427456) last site: 32 (427458) total: 2
LCL|CTG0081: start site: 25 (429060) last site: 25 (429060) total: 1
LCL|CTG0108: start site: 33 (600725) last site: 33 (600725) total: 1
LCL|CTG0227: start site: 76 (85193) last site: 81 (85292) total: 6
LCL|CTG0116: start site: 34 (461162) last site: 36 (461216) total: 3
LCL|CTG0095: start site: 26 (619919) last site: 27 (619946) total: 2
LCL|CTG0118: start site: 37 (850939) last site: 47 (851521) total: 11
LCL|CTG0239: start site: 82 (317654) last site: 100 (601328) total: 19
LCL|CTG0140: start site: 48 (5514) last site: 51 (5565) total: 4
LCL|CTG0098: start site: 28 (921723) last site: 30 (921770) total: 3
LCL|CTG0143: start site: 52 (794762) last site: 55 (794839) total: 4
LCL|CTG0258: start site: 101 (64114) last site: 105 (64197) total: 5
LCL|CTG0187: start site: 56 (164275) last site: 56 (164275) total: 1
LCL|CTG0100: start site: 31 (427456) last site: 32 (427458) total: 2
LCL|CTG0202: start site: 57 (540148) last site: 75 (548122) total: 19
LCL|CTG0288: start site: 106 (63937) last site: 107 (63954) total: 2
LCL|CTG0227: start site: 76 (85193) last site: 81 (85292) total: 6
LCL|CTG0108: start site: 33 (600725) last site: 33 (600725) total: 1
LCL|CTG0239: start site: 82 (317654) last site: 100 (601328) total: 19
LCL|CTG0294: start site: 108 (354005) last site: 118 (354103) total: 11
LCL|CTG0258: start site: 101 (64114) last site: 105 (64197) total: 5
LCL|CTG0116: start site: 34 (461162) last site: 36 (461216) total: 3
LCL|CTG0288: start site: 106 (63937) last site: 107 (63954) total: 2
LCL|CTG0366: start site: 119 (209386) last site: 119 (209386) total: 1
LCL|CTG0294: start site: 108 (354005) last site: 118 (354103) total: 11
LCL|CTG0118: start site: 37 (850939) last site: 47 (851521) total: 11
LCL|CTG0366: start site: 119 (209386) last site: 119 (209386) total: 1
LCL|CTG0376: start site: 120 (411693) last site: 120 (411693) total: 1
LCL|CTG0376: start site: 120 (411693) last site: 120 (411693) total: 1
LCL|CTG0140: start site: 48 (5514) last site: 51 (5565) total: 4
LCL|CTG0520: start site: 121 (3385) last site: 126 (3546) total: 6
LCL|CTG0520: start site: 121 (3385) last site: 126 (3546) total: 6
LCL|CTG0632: start site: 127 (8252) last site: 178 (347379) total: 52
LCL|CTG0143: start site: 52 (794762) last site: 55 (794839) total: 4
LCL|CTG0735: start site: 179 (93878) last site: 179 (93878) total: 1
LCL|CTG0632: start site: 127 (8252) last site: 178 (347379) total: 52
LCL|CTG0881: start site: 180 (227508) last site: 181 (227536) total: 2
LCL|CTG0187: start site: 56 (164275) last site: 56 (164275) total: 1
LCL|CTG0912: start site: 182 (210008) last site: 185 (210211) total: 4
LCL|CTG0735: start site: 179 (93878) last site: 179 (93878) total: 1
LCL|CTG1002: start site: 186 (168909) last site: 186 (168909) total: 1
LCL|CTG0202: start site: 57 (540148) last site: 75 (548122) total: 19
LCL|CTG1040: start site: 187 (224594) last site: 207 (224779) total: 21
LCL|CTG0881: start site: 180 (227508) last site: 181 (227536) total: 2
LCL|CTG1105: start site: 208 (13053) last site: 208 (13053) total: 1
LCL|CTG1142: start site: 209 (9404) last site: 224 (184335) total: 16
LCL|CTG0227: start site: 76 (85193) last site: 81 (85292) total: 6
LCL|CTG1152: start site: 225 (156531) last site: 228 (156556) total: 4
LCL|CTG0912: start site: 182 (210008) last site: 185 (210211) total: 4
LCL|CTG1353: start site: 229 (28586) last site: 233 (28633) total: 5
LCL|CTG0239: start site: 82 (317654) last site: 100 (601328) total: 19
LCL|CTG1427: start site: 234 (13581) last site: 246 (24423) total: 13
LCL|CTG1002: start site: 186 (168909) last site: 186 (168909) total: 1
LCL|CTG1452: start site: 247 (137522) last site: 271 (143671) total: 25
LCL|CTG0258: start site: 101 (64114) last site: 105 (64197) total: 5
LCL|CTG1474: start site: 272 (95330) last site: 275 (95391) total: 4
LCL|CTG1040: start site: 187 (224594) last site: 207 (224779) total: 21
LCL|CTG1503: start site: 276 (110915) last site: 276 (110915) total: 1
LCL|CTG0288: start site: 106 (63937) last site: 107 (63954) total: 2
LCL|CTG1574: start site: 277 (128226) last site: 284 (128335) total: 8
LCL|CTG1105: start site: 208 (13053) last site: 208 (13053) total: 1
LCL|CTG1579: start site: 285 (44810) last site: 364 (50748) total: 80
LCL|CTG0294: start site: 108 (354005) last site: 118 (354103) total: 11
LCL|CTG1621: start site: 365 (2391) last site: 380 (136962) total: 16
LCL|CTG1142: start site: 209 (9404) last site: 224 (184335) total: 16
LCL|CTG1652: start site: 381 (19350) last site: 395 (19488) total: 15
LCL|CTG0366: start site: 119 (209386) last site: 119 (209386) total: 1
LCL|CTG1672: start site: 396 (32487) last site: 397 (32521) total: 2
LCL|CTG1152: start site: 225 (156531) last site: 228 (156556) total: 4
LCL|CTG1702: start site: 398 (9069) last site: 399 (9094) total: 2
LCL|CTG0376: start site: 120 (411693) last site: 120 (411693) total: 1
LCL|CTG1777: start site: 400 (114980) last site: 402 (115045) total: 3
LCL|CTG1353: start site: 229 (28586) last site: 233 (28633) total: 5
LCL|CTG1834: start site: 403 (8602) last site: 407 (8629) total: 5
LCL|CTG0520: start site: 121 (3385) last site: 126 (3546) total: 6
LCL|CTG1922: start site: 408 (77938) last site: 410 (78015) total: 3
LCL|CTG1427: start site: 234 (13581) last site: 246 (24423) total: 13
LCL|CTG1940: start site: 411 (107937) last site: 428 (108076) total: 18
LCL|CTG0632: start site: 127 (8252) last site: 178 (347379) total: 52
LCL|CTG2093: start site: 429 (7473) last site: 429 (7473) total: 1
LCL|CTG1452: start site: 247 (137522) last site: 271 (143671) total: 25
LCL|CTG2095: start site: 430 (9069) last site: 457 (59602) total: 28
LCL|CTG0735: start site: 179 (93878) last site: 179 (93878) total: 1
LCL|CTG2102: start site: 458 (3670) last site: 489 (7355) total: 32
LCL|CTG1474: start site: 272 (95330) last site: 275 (95391) total: 4
LCL|CTG2118: start site: 490 (31912) last site: 493 (68245) total: 4
LCL|CTG0881: start site: 180 (227508) last site: 181 (227536) total: 2
LCL|CTG2150: start site: 494 (27759) last site: 500 (27856) total: 7
LCL|CTG1503: start site: 276 (110915) last site: 276 (110915) total: 1
LCL|CTG2204: start site: 501 (30676) last site: 529 (79846) total: 29
LCL|CTG0912: start site: 182 (210008) last site: 185 (210211) total: 4
LCL|CTG2273: start site: 530 (12129) last site: 530 (12129) total: 1
LCL|CTG1574: start site: 277 (128226) last site: 284 (128335) total: 8
LCL|CTG2336: start site: 531 (79456) last site: 538 (79528) total: 8
LCL|CTG1002: start site: 186 (168909) last site: 186 (168909) total: 1
LCL|CTG2387: start site: 539 (40128) last site: 542 (40156) total: 4
LCL|CTG1579: start site: 285 (44810) last site: 364 (50748) total: 80
LCL|CTG2530: start site: 543 (10072) last site: 544 (10079) total: 2
LCL|CTG1040: start site: 187 (224594) last site: 207 (224779) total: 21
LCL|CTG2568: start site: 545 (48189) last site: 557 (48341) total: 13
LCL|CTG1621: start site: 365 (2391) last site: 380 (136962) total: 16
LCL|CTG2599: start site: 558 (42194) last site: 560 (42250) total: 3
LCL|CTG1105: start site: 208 (13053) last site: 208 (13053) total: 1
LCL|CTG2687: start site: 561 (62185) last site: 565 (62306) total: 5
LCL|CTG1652: start site: 381 (19350) last site: 395 (19488) total: 15
LCL|CTG2757: start site: 566 (55157) last site: 584 (55304) total: 19
LCL|CTG1142: start site: 209 (9404) last site: 224 (184335) total: 16
LCL|CTG2773: start site: 585 (27587) last site: 593 (27703) total: 9
LCL|CTG1672: start site: 396 (32487) last site: 397 (32521) total: 2
LCL|CTG2795: start site: 594 (71170) last site: 600 (71283) total: 7
LCL|CTG1152: start site: 225 (156531) last site: 228 (156556) total: 4
LCL|CTG2833: start site: 601 (4401) last site: 626 (29995) total: 26
LCL|CTG1702: start site: 398 (9069) last site: 399 (9094) total: 2
LCL|CTG2866: start site: 627 (13325) last site: 629 (36192) total: 3
LCL|CTG1353: start site: 229 (28586) last site: 233 (28633) total: 5
LCL|CTG2885: start site: 630 (9352) last site: 630 (9352) total: 1
LCL|CTG1777: start site: 400 (114980) last site: 402 (115045) total: 3
LCL|CTG2900: start site: 631 (59413) last site: 640 (59618) total: 10
LCL|CTG1427: start site: 234 (13581) last site: 246 (24423) total: 13
LCL|CTG2930: start site: 641 (41754) last site: 647 (41900) total: 7
LCL|CTG1452: start site: 247 (137522) last site: 271 (143671) total: 25
LCL|CTG1834: start site: 403 (8602) last site: 407 (8629) total: 5
LCL|CTG1474: start site: 272 (95330) last site: 275 (95391) total: 4
LCL|CTG2976: start site: 648 (29458) last site: 656 (29560) total: 9
LCL|CTG1503: start site: 276 (110915) last site: 276 (110915) total: 1
LCL|CTG1922: start site: 408 (77938) last site: 410 (78015) total: 3
LCL|CTG1574: start site: 277 (128226) last site: 284 (128335) total: 8
LCL|CTG1579: start site: 285 (44810) last site: 364 (50748) total: 80
LCL|CTG3019: start site: 657 (23605) last site: 660 (23700) total: 4
LCL|CTG1940: start site: 411 (107937) last site: 428 (108076) total: 18
LCL|CTG1621: start site: 365 (2391) last site: 380 (136962) total: 16
LCL|CTG3040: start site: 661 (21918) last site: 662 (21962) total: 2
LCL|CTG1652: start site: 381 (19350) last site: 395 (19488) total: 15
LCL|CTG2093: start site: 429 (7473) last site: 429 (7473) total: 1
LCL|CTG1672: start site: 396 (32487) last site: 397 (32521) total: 2
LCL|CTG3057: start site: 663 (37357) last site: 664 (37368) total: 2
LCL|CTG1702: start site: 398 (9069) last site: 399 (9094) total: 2
LCL|CTG2095: start site: 430 (9069) last site: 457 (59602) total: 28
LCL|CTG1777: start site: 400 (114980) last site: 402 (115045) total: 3
LCL|CTG3126: start site: 665 (42739) last site: 667 (42799) total: 3
LCL|CTG1834: start site: 403 (8602) last site: 407 (8629) total: 5
LCL|CTG2102: start site: 458 (3670) last site: 489 (7355) total: 32
LCL|CTG1922: start site: 408 (77938) last site: 410 (78015) total: 3
LCL|CTG3145: start site: 668 (28256) last site: 668 (28256) total: 1
LCL|CTG1940: start site: 411 (107937) last site: 428 (108076) total: 18
LCL|CTG2118: start site: 490 (31912) last site: 493 (68245) total: 4
LCL|CTG2093: start site: 429 (7473) last site: 429 (7473) total: 1
LCL|CTG3310: start site: 669 (19622) last site: 675 (19756) total: 7
LCL|CTG2095: start site: 430 (9069) last site: 457 (59602) total: 28
LCL|CTG2150: start site: 494 (27759) last site: 500 (27856) total: 7
LCL|CTG2102: start site: 458 (3670) last site: 489 (7355) total: 32
LCL|CTG3354: start site: 676 (17468) last site: 698 (54929) total: 23
LCL|CTG2118: start site: 490 (31912) last site: 493 (68245) total: 4
LCL|CTG2204: start site: 501 (30676) last site: 529 (79846) total: 29
LCL|CTG2150: start site: 494 (27759) last site: 500 (27856) total: 7
LCL|CTG3430: start site: 699 (14390) last site: 705 (14473) total: 7
LCL|CTG2204: start site: 501 (30676) last site: 529 (79846) total: 29
LCL|CTG2273: start site: 530 (12129) last site: 530 (12129) total: 1
LCL|CTG2273: start site: 530 (12129) last site: 530 (12129) total: 1
LCL|CTG3491: start site: 706 (2075) last site: 712 (2204) total: 7
LCL|CTG2336: start site: 531 (79456) last site: 538 (79528) total: 8
LCL|CTG2336: start site: 531 (79456) last site: 538 (79528) total: 8
LCL|CTG2387: start site: 539 (40128) last site: 542 (40156) total: 4
LCL|CTG3501: start site: 713 (22922) last site: 718 (23002) total: 6
LCL|CTG2530: start site: 543 (10072) last site: 544 (10079) total: 2
LCL|CTG2387: start site: 539 (40128) last site: 542 (40156) total: 4
LCL|CTG2568: start site: 545 (48189) last site: 557 (48341) total: 13
LCL|CTG3517: start site: 719 (18336) last site: 733 (18609) total: 15
LCL|CTG2599: start site: 558 (42194) last site: 560 (42250) total: 3
LCL|CTG2530: start site: 543 (10072) last site: 544 (10079) total: 2
LCL|CTG2687: start site: 561 (62185) last site: 565 (62306) total: 5
LCL|CTG3552: start site: 734 (5974) last site: 764 (48133) total: 31
LCL|CTG2757: start site: 566 (55157) last site: 584 (55304) total: 19
LCL|CTG2568: start site: 545 (48189) last site: 557 (48341) total: 13
LCL|CTG2773: start site: 585 (27587) last site: 593 (27703) total: 9
LCL|CTG3642: start site: 765 (5015) last site: 780 (6150) total: 16
LCL|CTG2795: start site: 594 (71170) last site: 600 (71283) total: 7
LCL|CTG2599: start site: 558 (42194) last site: 560 (42250) total: 3
LCL|CTG2833: start site: 601 (4401) last site: 626 (29995) total: 26
LCL|CTG3672: start site: 781 (48064) last site: 790 (48150) total: 10
LCL|CTG2866: start site: 627 (13325) last site: 629 (36192) total: 3
LCL|CTG2687: start site: 561 (62185) last site: 565 (62306) total: 5
LCL|CTG2885: start site: 630 (9352) last site: 630 (9352) total: 1
LCL|CTG3684: start site: 791 (19407) last site: 791 (19407) total: 1
LCL|CTG2900: start site: 631 (59413) last site: 640 (59618) total: 10
LCL|CTG2757: start site: 566 (55157) last site: 584 (55304) total: 19
LCL|CTG2930: start site: 641 (41754) last site: 647 (41900) total: 7
LCL|CTG3706: start site: 792 (32054) last site: 803 (32284) total: 12
LCL|CTG2976: start site: 648 (29458) last site: 656 (29560) total: 9
LCL|CTG2773: start site: 585 (27587) last site: 593 (27703) total: 9
LCL|CTG3019: start site: 657 (23605) last site: 660 (23700) total: 4
LCL|CTG3710: start site: 804 (28132) last site: 804 (28132) total: 1
LCL|CTG3040: start site: 661 (21918) last site: 662 (21962) total: 2
LCL|CTG2795: start site: 594 (71170) last site: 600 (71283) total: 7
LCL|CTG3057: start site: 663 (37357) last site: 664 (37368) total: 2
LCL|CTG3718: start site: 805 (161) last site: 824 (36266) total: 20
LCL|CTG3126: start site: 665 (42739) last site: 667 (42799) total: 3
LCL|CTG2833: start site: 601 (4401) last site: 626 (29995) total: 26
LCL|CTG3145: start site: 668 (28256) last site: 668 (28256) total: 1
LCL|CTG3748: start site: 825 (1742) last site: 838 (5453) total: 14
LCL|CTG3310: start site: 669 (19622) last site: 675 (19756) total: 7
LCL|CTG2866: start site: 627 (13325) last site: 629 (36192) total: 3
LCL|CTG3354: start site: 676 (17468) last site: 698 (54929) total: 23
LCL|CTG3762: start site: 839 (45996) last site: 842 (46106) total: 4
LCL|CTG3430: start site: 699 (14390) last site: 705 (14473) total: 7
LCL|CTG2885: start site: 630 (9352) last site: 630 (9352) total: 1
LCL|CTG3491: start site: 706 (2075) last site: 712 (2204) total: 7
LCL|CTG3767: start site: 843 (13927) last site: 851 (14111) total: 9
LCL|CTG3501: start site: 713 (22922) last site: 718 (23002) total: 6
LCL|CTG3517: start site: 719 (18336) last site: 733 (18609) total: 15
LCL|CTG3552: start site: 734 (5974) last site: 764 (48133) total: 31
LCL|CTG3642: start site: 765 (5015) last site: 780 (6150) total: 16
LCL|CTG3672: start site: 781 (48064) last site: 790 (48150) total: 10
LCL|CTG3684: start site: 791 (19407) last site: 791 (19407) total: 1
LCL|CTG3706: start site: 792 (32054) last site: 803 (32284) total: 12
LCL|CTG3710: start site: 804 (28132) last site: 804 (28132) total: 1
LCL|CTG3718: start site: 805 (161) last site: 824 (36266) total: 20
LCL|CTG3748: start site: 825 (1742) last site: 838 (5453) total: 14
LCL|CTG3762: start site: 839 (45996) last site: 842 (46106) total: 4
LCL|CTG3767: start site: 843 (13927) last site: 851 (14111) total: 9
LCL|CTG3818: start site: 852 (19489) last site: 858 (19580) total: 7
LCL|CTG3849: start site: 859 (11244) last site: 869 (11427) total: 11
LCL|CTG3921: start site: 870 (30403) last site: 881 (30600) total: 12
LCL|CTG3928: start site: 882 (5617) last site: 897 (13404) total: 16
LCL|CTG4003: start site: 898 (3597) last site: 906 (18252) total: 9
LCL|CTG4037: start site: 907 (16878) last site: 910 (17011) total: 4
LCL|CTG4069: start site: 911 (18133) last site: 917 (18906) total: 7
LCL|CTG4086: start site: 918 (37237) last site: 920 (37297) total: 3
LCL|CTG4105: start site: 921 (7895) last site: 923 (7982) total: 3
LCL|CTG4120: start site: 924 (8499) last site: 925 (8523) total: 2
LCL|CTG4149: start site: 926 (19244) last site: 943 (26931) total: 18
LCL|CTG4231: start site: 944 (16162) last site: 946 (16177) total: 3
LCL|CTG4255: start site: 947 (513) last site: 947 (513) total: 1
LCL|CTG4298: start site: 948 (10672) last site: 990 (18099) total: 43
LCL|CTG4382: start site: 991 (24342) last site: 1018 (30085) total: 28
LCL|CTG4422: start site: 1019 (37075) last site: 1019 (37075) total: 1
LCL|CTG4434: start site: 1020 (918) last site: 1029 (1028) total: 10
LCL|CTG4490: start site: 1030 (781) last site: 1037 (11826) total: 8
LCL|CTG4663: start site: 1038 (21434) last site: 1038 (21434) total: 1
LCL|CTG4745: start site: 1039 (15748) last site: 1051 (15879) total: 13
LCL|CTG4748: start site: 1052 (12055) last site: 1052 (12055) total: 1
LCL|CTG4773: start site: 1053 (11758) last site: 1062 (11870) total: 10
LCL|CTG4851: start site: 1063 (1240) last site: 1144 (3226) total: 82
LCL|CTG4919: start site: 1145 (25409) last site: 1175 (26416) total: 31
LCL|CTG4933: start site: 1176 (23619) last site: 1184 (28143) total: 9
LCL|CTG4980: start site: 1185 (22216) last site: 1193 (22316) total: 9
LCL|CTG5319: start site: 1194 (11674) last site: 1221 (16628) total: 28
LCL|CTG5345: start site: 1222 (3107) last site: 1250 (6368) total: 29
LCL|CTG5569: start site: 1251 (28003) last site: 1258 (28084) total: 8
LCL|CTG5588: start site: 1259 (17088) last site: 1263 (17147) total: 5
LCL|CTG5605: start site: 1264 (26874) last site: 1267 (26945) total: 4
LCL|CTG5700: start site: 1268 (8698) last site: 1269 (8700) total: 2
LCL|CTG5707: start site: 1270 (9121) last site: 1278 (9260) total: 9
LCL|CTG5726: start site: 1279 (13183) last site: 1283 (13261) total: 5
LCL|CTG5937: start site: 1284 (5549) last site: 1288 (5594) total: 5
LCL|CTG5964: start site: 1289 (17301) last site: 1348 (21741) total: 60
LCL|CTG5999: start site: 1349 (13227) last site: 1356 (13344) total: 8
LCL|CTG6046: start site: 1357 (15143) last site: 1394 (17132) total: 38
LCL|CTG6055: start site: 1395 (5732) last site: 1396 (18635) total: 2
LCL|CTG6165: start site: 1397 (7919) last site: 1397 (7919) total: 1
LCL|CTG6200: start site: 1398 (20054) last site: 1404 (20107) total: 7
LCL|CTG6343: start site: 1405 (15659) last site: 1424 (15801) total: 20
LCL|CTG6361: start site: 1425 (9247) last site: 1430 (9382) total: 6
LCL|CTG6437: start site: 1431 (8198) last site: 1491 (11330) total: 61
LCL|CTG6463: start site: 1492 (4457) last site: 1493 (8260) total: 2
LCL|CTG6464: start site: 1494 (15318) last site: 1505 (15495) total: 12
LCL|CTG6573: start site: 1506 (16803) last site: 1509 (16861) total: 4
LCL|CTG6576: start site: 1510 (12676) last site: 1512 (12753) total: 3
LCL|CTG6826: start site: 1513 (1710) last site: 1521 (1817) total: 9
LCL|CTG6829: start site: 1522 (10609) last site: 1522 (10609) total: 1
LCL|CTG6927: start site: 1523 (6221) last site: 1543 (6399) total: 21
LCL|CTG7056: start site: 1544 (3528) last site: 1547 (3553) total: 4
LCL|CTG7369: start site: 1548 (2502) last site: 1561 (2593) total: 14
LCL|CTG7418: start site: 1562 (3854) last site: 1566 (3960) total: 5
LCL|CTG7612: start site: 1567 (2781) last site: 1569 (2799) total: 3

[pool-1-thread-4] INFO net.maizegenetics.plugindef.AbstractPlugin - Finished net.maizegenetics.analysis.data.FileLoadPlugin: time: Aug 21, 2020 14:55:44
[pool-1-thread-4] INFO net.maizegenetics.plugindef.AbstractPlugin - Starting net.maizegenetics.analysis.distance.KinshipPlugin: time: Aug 21, 2020 14:55:44
[pool-1-thread-4] INFO net.maizegenetics.plugindef.AbstractPlugin - 
KinshipPlugin Parameters
method: Centered_IBS
maxAlleles: 6
algorithmVariation: Observed_Allele_Freq

LCL|CTG2900: start site: 631 (59413) last site: 640 (59618) total: 10
[pool-1-thread-4] INFO net.maizegenetics.analysis.distance.EndelmanDistanceMatrix - EndelmanDistanceMatrix: estimated time: 0 minutes
LCL|CTG3818: start site: 852 (19489) last site: 858 (19580) total: 7
LCL|CTG3849: start site: 859 (11244) last site: 869 (11427) total: 11
LCL|CTG3921: start site: 870 (30403) last site: 881 (30600) total: 12
LCL|CTG2930: start site: 641 (41754) last site: 647 (41900) total: 7
LCL|CTG3928: start site: 882 (5617) last site: 897 (13404) total: 16
LCL|CTG2976: start site: 648 (29458) last site: 656 (29560) total: 9
LCL|CTG4003: start site: 898 (3597) last site: 906 (18252) total: 9
LCL|CTG3019: start site: 657 (23605) last site: 660 (23700) total: 4
LCL|CTG4037: start site: 907 (16878) last site: 910 (17011) total: 4
LCL|CTG4069: start site: 911 (18133) last site: 917 (18906) total: 7
LCL|CTG4086: start site: 918 (37237) last site: 920 (37297) total: 3
LCL|CTG4105: start site: 921 (7895) last site: 923 (7982) total: 3
LCL|CTG4120: start site: 924 (8499) last site: 925 (8523) total: 2
LCL|CTG4149: start site: 926 (19244) last site: 943 (26931) total: 18
LCL|CTG4231: start site: 944 (16162) last site: 946 (16177) total: 3
LCL|CTG4255: start site: 947 (513) last site: 947 (513) total: 1
LCL|CTG4298: start site: 948 (10672) last site: 990 (18099) total: 43
LCL|CTG4382: start site: 991 (24342) last site: 1018 (30085) total: 28
LCL|CTG4422: start site: 1019 (37075) last site: 1019 (37075) total: 1
LCL|CTG4434: start site: 1020 (918) last site: 1029 (1028) total: 10
LCL|CTG4490: start site: 1030 (781) last site: 1037 (11826) total: 8
LCL|CTG4663: start site: 1038 (21434) last site: 1038 (21434) total: 1
LCL|CTG4745: start site: 1039 (15748) last site: 1051 (15879) total: 13
LCL|CTG4748: start site: 1052 (12055) last site: 1052 (12055) total: 1
LCL|CTG4773: start site: 1053 (11758) last site: 1062 (11870) total: 10
LCL|CTG4851: start site: 1063 (1240) last site: 1144 (3226) total: 82
LCL|CTG4919: start site: 1145 (25409) last site: 1175 (26416) total: 31
LCL|CTG4933: start site: 1176 (23619) last site: 1184 (28143) total: 9
LCL|CTG4980: start site: 1185 (22216) last site: 1193 (22316) total: 9
LCL|CTG5319: start site: 1194 (11674) last site: 1221 (16628) total: 28
LCL|CTG5345: start site: 1222 (3107) last site: 1250 (6368) total: 29
LCL|CTG5569: start site: 1251 (28003) last site: 1258 (28084) total: 8
LCL|CTG5588: start site: 1259 (17088) last site: 1263 (17147) total: 5
LCL|CTG5605: start site: 1264 (26874) last site: 1267 (26945) total: 4
LCL|CTG5700: start site: 1268 (8698) last site: 1269 (8700) total: 2
LCL|CTG5707: start site: 1270 (9121) last site: 1278 (9260) total: 9
LCL|CTG5726: start site: 1279 (13183) last site: 1283 (13261) total: 5
LCL|CTG5937: start site: 1284 (5549) last site: 1288 (5594) total: 5
LCL|CTG5964: start site: 1289 (17301) last site: 1348 (21741) total: 60
LCL|CTG5999: start site: 1349 (13227) last site: 1356 (13344) total: 8
LCL|CTG6046: start site: 1357 (15143) last site: 1394 (17132) total: 38
LCL|CTG3040: start site: 661 (21918) last site: 662 (21962) total: 2
LCL|CTG6055: start site: 1395 (5732) last site: 1396 (18635) total: 2
LCL|CTG3057: start site: 663 (37357) last site: 664 (37368) total: 2
LCL|CTG6165: start site: 1397 (7919) last site: 1397 (7919) total: 1
LCL|CTG3126: start site: 665 (42739) last site: 667 (42799) total: 3
LCL|CTG6200: start site: 1398 (20054) last site: 1404 (20107) total: 7
LCL|CTG3145: start site: 668 (28256) last site: 668 (28256) total: 1
LCL|CTG6343: start site: 1405 (15659) last site: 1424 (15801) total: 20
LCL|CTG3310: start site: 669 (19622) last site: 675 (19756) total: 7
LCL|CTG6361: start site: 1425 (9247) last site: 1430 (9382) total: 6
LCL|CTG3354: start site: 676 (17468) last site: 698 (54929) total: 23
LCL|CTG6437: start site: 1431 (8198) last site: 1491 (11330) total: 61
LCL|CTG3430: start site: 699 (14390) last site: 705 (14473) total: 7
LCL|CTG6463: start site: 1492 (4457) last site: 1493 (8260) total: 2
LCL|CTG3491: start site: 706 (2075) last site: 712 (2204) total: 7
LCL|CTG6464: start site: 1494 (15318) last site: 1505 (15495) total: 12
LCL|CTG3501: start site: 713 (22922) last site: 718 (23002) total: 6
LCL|CTG6573: start site: 1506 (16803) last site: 1509 (16861) total: 4
LCL|CTG3517: start site: 719 (18336) last site: 733 (18609) total: 15
LCL|CTG6576: start site: 1510 (12676) last site: 1512 (12753) total: 3
LCL|CTG3552: start site: 734 (5974) last site: 764 (48133) total: 31
LCL|CTG6826: start site: 1513 (1710) last site: 1521 (1817) total: 9
LCL|CTG3642: start site: 765 (5015) last site: 780 (6150) total: 16
LCL|CTG6829: start site: 1522 (10609) last site: 1522 (10609) total: 1
LCL|CTG3672: start site: 781 (48064) last site: 790 (48150) total: 10
LCL|CTG6927: start site: 1523 (6221) last site: 1543 (6399) total: 21
LCL|CTG3684: start site: 791 (19407) last site: 791 (19407) total: 1
LCL|CTG7056: start site: 1544 (3528) last site: 1547 (3553) total: 4
LCL|CTG3706: start site: 792 (32054) last site: 803 (32284) total: 12
LCL|CTG7369: start site: 1548 (2502) last site: 1561 (2593) total: 14
LCL|CTG3710: start site: 804 (28132) last site: 804 (28132) total: 1
LCL|CTG7418: start site: 1562 (3854) last site: 1566 (3960) total: 5
LCL|CTG3718: start site: 805 (161) last site: 824 (36266) total: 20
LCL|CTG7612: start site: 1567 (2781) last site: 1569 (2799) total: 3
LCL|CTG3748: start site: 825 (1742) last site: 838 (5453) total: 14

LCL|CTG3762: start site: 839 (45996) last site: 842 (46106) total: 4
LCL|CTG3767: start site: 843 (13927) last site: 851 (14111) total: 9
LCL|CTG3818: start site: 852 (19489) last site: 858 (19580) total: 7
LCL|CTG3849: start site: 859 (11244) last site: 869 (11427) total: 11
LCL|CTG3921: start site: 870 (30403) last site: 881 (30600) total: 12
LCL|CTG3928: start site: 882 (5617) last site: 897 (13404) total: 16
LCL|CTG4003: start site: 898 (3597) last site: 906 (18252) total: 9
LCL|CTG4037: start site: 907 (16878) last site: 910 (17011) total: 4
LCL|CTG4069: start site: 911 (18133) last site: 917 (18906) total: 7
LCL|CTG4086: start site: 918 (37237) last site: 920 (37297) total: 3
LCL|CTG4105: start site: 921 (7895) last site: 923 (7982) total: 3
LCL|CTG4120: start site: 924 (8499) last site: 925 (8523) total: 2
LCL|CTG4149: start site: 926 (19244) last site: 943 (26931) total: 18
LCL|CTG4231: start site: 944 (16162) last site: 946 (16177) total: 3
LCL|CTG4255: start site: 947 (513) last site: 947 (513) total: 1
LCL|CTG4298: start site: 948 (10672) last site: 990 (18099) total: 43
LCL|CTG4382: start site: 991 (24342) last site: 1018 (30085) total: 28
LCL|CTG4422: start site: 1019 (37075) last site: 1019 (37075) total: 1
LCL|CTG4434: start site: 1020 (918) last site: 1029 (1028) total: 10
LCL|CTG4490: start site: 1030 (781) last site: 1037 (11826) total: 8
[pool-1-thread-3] INFO net.maizegenetics.plugindef.AbstractPlugin - Finished net.maizegenetics.analysis.data.FileLoadPlugin: time: Aug 21, 2020 14:55:44
LCL|CTG4663: start site: 1038 (21434) last site: 1038 (21434) total: 1
LCL|CTG4745: start site: 1039 (15748) last site: 1051 (15879) total: 13
LCL|CTG4748: start site: 1052 (12055) last site: 1052 (12055) total: 1
LCL|CTG4773: start site: 1053 (11758) last site: 1062 (11870) total: 10
LCL|CTG4851: start site: 1063 (1240) last site: 1144 (3226) total: 82
LCL|CTG4919: start site: 1145 (25409) last site: 1175 (26416) total: 31
LCL|CTG4933: start site: 1176 (23619) last site: 1184 (28143) total: 9
LCL|CTG4980: start site: 1185 (22216) last site: 1193 (22316) total: 9
LCL|CTG5319: start site: 1194 (11674) last site: 1221 (16628) total: 28
LCL|CTG5345: start site: 1222 (3107) last site: 1250 (6368) total: 29
LCL|CTG5569: start site: 1251 (28003) last site: 1258 (28084) total: 8
LCL|CTG5588: start site: 1259 (17088) last site: 1263 (17147) total: 5
LCL|CTG5605: start site: 1264 (26874) last site: 1267 (26945) total: 4
LCL|CTG5700: start site: 1268 (8698) last site: 1269 (8700) total: 2
LCL|CTG5707: start site: 1270 (9121) last site: 1278 (9260) total: 9
LCL|CTG5726: start site: 1279 (13183) last site: 1283 (13261) total: 5
LCL|CTG5937: start site: 1284 (5549) last site: 1288 (5594) total: 5
LCL|CTG5964: start site: 1289 (17301) last site: 1348 (21741) total: 60
LCL|CTG5999: start site: 1349 (13227) last site: 1356 (13344) total: 8
LCL|CTG6046: start site: 1357 (15143) last site: 1394 (17132) total: 38
LCL|CTG6055: start site: 1395 (5732) last site: 1396 (18635) total: 2
LCL|CTG6165: start site: 1397 (7919) last site: 1397 (7919) total: 1
LCL|CTG6200: start site: 1398 (20054) last site: 1404 (20107) total: 7
LCL|CTG6343: start site: 1405 (15659) last site: 1424 (15801) total: 20
[pool-1-thread-3] INFO net.maizegenetics.plugindef.AbstractPlugin - Starting net.maizegenetics.analysis.data.PrincipalComponentsPlugin: time: Aug 21, 2020 14:55:44
LCL|CTG6361: start site: 1425 (9247) last site: 1430 (9382) total: 6
LCL|CTG6437: start site: 1431 (8198) last site: 1491 (11330) total: 61
LCL|CTG6463: start site: 1492 (4457) last site: 1493 (8260) total: 2
LCL|CTG6464: start site: 1494 (15318) last site: 1505 (15495) total: 12
LCL|CTG6573: start site: 1506 (16803) last site: 1509 (16861) total: 4
LCL|CTG6576: start site: 1510 (12676) last site: 1512 (12753) total: 3
LCL|CTG6826: start site: 1513 (1710) last site: 1521 (1817) total: 9
LCL|CTG6829: start site: 1522 (10609) last site: 1522 (10609) total: 1
LCL|CTG6927: start site: 1523 (6221) last site: 1543 (6399) total: 21
LCL|CTG7056: start site: 1544 (3528) last site: 1547 (3553) total: 4
LCL|CTG7369: start site: 1548 (2502) last site: 1561 (2593) total: 14
LCL|CTG7418: start site: 1562 (3854) last site: 1566 (3960) total: 5
LCL|CTG7612: start site: 1567 (2781) last site: 1569 (2799) total: 3

[pool-1-thread-1] INFO net.maizegenetics.plugindef.AbstractPlugin - Finished net.maizegenetics.analysis.data.FileLoadPlugin: time: Aug 21, 2020 14:55:44
[pool-1-thread-3] INFO net.maizegenetics.plugindef.AbstractPlugin - 
PrincipalComponentsPlugin Parameters
covariance: true
limitBy: number_of_components
ncomponents: 5
minEigenval: 0.0
totalVar: 0.5
reportEigenvalues: false
reportEigenvectors: false

[pool-1-thread-1] INFO net.maizegenetics.pipeline.TasselPipeline - net.maizegenetics.analysis.data.FileLoadPlugin: time: Aug 21, 2020 14:55:44: progress: 100%
[pool-1-thread-4] INFO net.maizegenetics.pipeline.TasselPipeline - net.maizegenetics.analysis.distance.KinshipPlugin: time: Aug 21, 2020 14:55:44: progress: 10%
[ForkJoinPool.commonPool-worker-3] INFO net.maizegenetics.pipeline.TasselPipeline - net.maizegenetics.analysis.distance.KinshipPlugin: time: Aug 21, 2020 14:55:44: progress: 16%
[pool-1-thread-4] INFO net.maizegenetics.pipeline.TasselPipeline - net.maizegenetics.analysis.distance.KinshipPlugin: time: Aug 21, 2020 14:55:44: progress: 26%
[ForkJoinPool.commonPool-worker-3] INFO net.maizegenetics.pipeline.TasselPipeline - net.maizegenetics.analysis.distance.KinshipPlugin: time: Aug 21, 2020 14:55:44: progress: 32%
[pool-1-thread-4] INFO net.maizegenetics.pipeline.TasselPipeline - net.maizegenetics.analysis.distance.KinshipPlugin: time: Aug 21, 2020 14:55:44: progress: 42%
[pool-1-thread-4] INFO net.maizegenetics.pipeline.TasselPipeline - net.maizegenetics.analysis.distance.KinshipPlugin: time: Aug 21, 2020 14:55:44: progress: 53%
[pool-1-thread-3] INFO net.maizegenetics.plugindef.AbstractPlugin - Starting net.maizegenetics.analysis.numericaltransform.ImputationPlugin: time: Aug 21, 2020 14:55:44
[pool-1-thread-3] INFO net.maizegenetics.plugindef.AbstractPlugin - 
ImputationPlugin Parameters
ByMean: true
nearestNeighbors: 5
distance: Euclidean

[ForkJoinPool.commonPool-worker-3] INFO net.maizegenetics.pipeline.TasselPipeline - net.maizegenetics.analysis.distance.KinshipPlugin: time: Aug 21, 2020 14:55:44: progress: 60%
[ForkJoinPool.commonPool-worker-3] INFO net.maizegenetics.pipeline.TasselPipeline - net.maizegenetics.analysis.distance.KinshipPlugin: time: Aug 21, 2020 14:55:44: progress: 72%
[ForkJoinPool.commonPool-worker-3] INFO net.maizegenetics.pipeline.TasselPipeline - net.maizegenetics.analysis.distance.KinshipPlugin: time: Aug 21, 2020 14:55:44: progress: 85%
[ForkJoinPool.commonPool-worker-3] INFO net.maizegenetics.pipeline.TasselPipeline - net.maizegenetics.analysis.distance.KinshipPlugin: time: Aug 21, 2020 14:55:44: progress: 91%
[pool-1-thread-4] INFO net.maizegenetics.analysis.distance.EndelmanDistanceMatrix - EndelmanDistanceMatrix: actual time: 0 minutes
[pool-1-thread-4] INFO net.maizegenetics.plugindef.AbstractPlugin - Finished net.maizegenetics.analysis.distance.KinshipPlugin: time: Aug 21, 2020 14:55:44
[pool-1-thread-4] INFO net.maizegenetics.pipeline.TasselPipeline - net.maizegenetics.analysis.distance.KinshipPlugin: time: Aug 21, 2020 14:55:44: progress: 100%
[pool-1-thread-4] INFO net.maizegenetics.pipeline.TasselPipeline - net.maizegenetics.analysis.data.FileLoadPlugin: time: Aug 21, 2020 14:55:44: progress: 100%
[pool-1-thread-3] INFO net.maizegenetics.plugindef.AbstractPlugin - Finished net.maizegenetics.analysis.numericaltransform.ImputationPlugin: time: Aug 21, 2020 14:55:44
[pool-1-thread-3] INFO net.maizegenetics.matrixalgebra.Matrix.DoubleMatrixFactory - TasselBlas library for system-specific BLAS/LAPACK not found. Using system-independent EJML for DoubleMatrix operations.
[pool-1-thread-3] INFO net.maizegenetics.plugindef.AbstractPlugin - Finished net.maizegenetics.analysis.data.PrincipalComponentsPlugin: time: Aug 21, 2020 14:55:45
[pool-1-thread-3] INFO net.maizegenetics.pipeline.TasselPipeline - net.maizegenetics.analysis.data.PrincipalComponentsPlugin: time: Aug 21, 2020 14:55:45: progress: 100%
[pool-1-thread-3] INFO net.maizegenetics.pipeline.TasselPipeline - net.maizegenetics.analysis.data.FileLoadPlugin: time: Aug 21, 2020 14:55:45: progress: 100%
[Thread-11] INFO net.maizegenetics.pipeline.TasselPipeline - net.maizegenetics.analysis.data.IntersectionAlignmentPlugin: time: Aug 21, 2020 14:55:45: progress: 100%
[Thread-13] INFO net.maizegenetics.plugindef.AbstractPlugin - Starting net.maizegenetics.analysis.association.WeightedMLMPlugin: time: Aug 21, 2020 14:55:45
[Thread-13] INFO net.maizegenetics.plugindef.AbstractPlugin - Starting net.maizegenetics.analysis.data.ExportPlugin: time: Aug 21, 2020 14:55:45
[Thread-13] INFO net.maizegenetics.plugindef.AbstractPlugin - 
ExportPlugin Parameters
saveAs: out/tool-TASSEL-scores-Full_Residuals for Superficie_tronco._residuals.txt
format: Phenotype
keepDepth: true
includeTaxaAnnotations: true

[Thread-13] INFO net.maizegenetics.analysis.data.ExportPlugin - performFunction: wrote dataset: Residuals for Superficie_tronco. to file: /home/lg/agrosavia/GWAS/MultiGWAS/examples/aguacate/out-Superficie_tronco/out/tool-TASSEL-scores-Full_Residuals for Superficie_tronco._residuals.txt
[Thread-13] INFO net.maizegenetics.plugindef.AbstractPlugin - Finished net.maizegenetics.analysis.data.ExportPlugin: time: Aug 21, 2020 14:55:45
[Thread-13] INFO net.maizegenetics.pipeline.TasselPipeline - net.maizegenetics.analysis.association.WeightedMLMPlugin: time: Aug 21, 2020 14:55:45: progress: 0%
[Thread-13] INFO net.maizegenetics.pipeline.TasselPipeline - net.maizegenetics.analysis.association.WeightedMLMPlugin: time: Aug 21, 2020 14:55:45: progress: 10%
[Thread-13] INFO net.maizegenetics.pipeline.TasselPipeline - net.maizegenetics.analysis.association.WeightedMLMPlugin: time: Aug 21, 2020 14:55:45: progress: 20%
[Thread-13] INFO net.maizegenetics.pipeline.TasselPipeline - net.maizegenetics.analysis.association.WeightedMLMPlugin: time: Aug 21, 2020 14:55:45: progress: 30%
[Thread-13] INFO net.maizegenetics.pipeline.TasselPipeline - net.maizegenetics.analysis.association.WeightedMLMPlugin: time: Aug 21, 2020 14:55:45: progress: 40%
[Thread-13] INFO net.maizegenetics.pipeline.TasselPipeline - net.maizegenetics.analysis.association.WeightedMLMPlugin: time: Aug 21, 2020 14:55:45: progress: 50%
[Thread-13] INFO net.maizegenetics.pipeline.TasselPipeline - net.maizegenetics.analysis.association.WeightedMLMPlugin: time: Aug 21, 2020 14:55:46: progress: 60%
[Thread-13] INFO net.maizegenetics.pipeline.TasselPipeline - net.maizegenetics.analysis.association.WeightedMLMPlugin: time: Aug 21, 2020 14:55:46: progress: 70%
[Thread-13] INFO net.maizegenetics.pipeline.TasselPipeline - net.maizegenetics.analysis.association.WeightedMLMPlugin: time: Aug 21, 2020 14:55:46: progress: 80%
[Thread-13] INFO net.maizegenetics.pipeline.TasselPipeline - net.maizegenetics.analysis.association.WeightedMLMPlugin: time: Aug 21, 2020 14:55:46: progress: 90%
[Thread-13] INFO net.maizegenetics.pipeline.TasselPipeline - net.maizegenetics.analysis.association.WeightedMLMPlugin: time: Aug 21, 2020 14:55:46: progress: 100%
[Thread-13] INFO net.maizegenetics.plugindef.AbstractPlugin - net.maizegenetics.analysis.association.WeightedMLMPlugin  Citation: Shang Xue, Zachary Miller, Janu Verma,  First Annual Tassel Hackathon
[Thread-13] INFO net.maizegenetics.plugindef.AbstractPlugin - Finished net.maizegenetics.analysis.association.WeightedMLMPlugin: time: Aug 21, 2020 14:55:46
