PLINK v2.00a2LM 64-bit Intel (13 Dec 2019)
Options in effect:
  --allow-extra-chr
  --bfile out/filtered-plink-genotype
  --king-cutoff 0.354
  --out out/filtered-plink-genotype-kinship-shesis

Hostname: agro
Working directory: /home/lg/agrosavia/GWAS/MultiGWAS/examples/aguacate/out-Superficie_tronco
Start time: Fri Aug 21 14:55:43 2020

Random number seed: 1598039743
14943 MiB RAM detected; reserving 7471 MiB for main workspace.
Using up to 8 compute threads.
100 samples (0 females, 0 males, 100 ambiguous; 100 founders) loaded from
out/filtered-plink-genotype.fam.
1570 variants loaded from out/filtered-plink-genotype.bim.
Note: No phenotype data present.
--king-cutoff pass 1/1: Scanning for rare variants... done.
5 variants handled by initial scan (1565 remaining).
--king-cutoff: 1570 variants processed.
--king-cutoff: Excluded sample IDs written to
out/filtered-plink-genotype-kinship-shesis.king.cutoff.out.id , and 91
remaining sample IDs written to
out/filtered-plink-genotype-kinship-shesis.king.cutoff.in.id .

End time: Fri Aug 21 14:55:43 2020
